2025-05-08 17:09:00,280 - __main__ - INFO - Directory logs created or already exists.
2025-05-08 17:09:00,281 - __main__ - INFO - Directory data/raw created or already exists.
2025-05-08 17:09:00,281 - __main__ - INFO - Directory data/processed created or already exists.
2025-05-08 17:09:00,282 - __main__ - INFO - Directory models created or already exists.
2025-05-08 17:09:00,283 - __main__ - INFO - Directory reports created or already exists.
2025-05-08 17:09:00,283 - __main__ - INFO - Directory reports/figures created or already exists.
2025-05-08 17:09:00,286 - __main__ - INFO - Starting Box Office Revenue Prediction pipeline
2025-05-08 17:09:00,286 - __main__ - INFO - Loading data
2025-05-08 17:09:00,286 - src.data.data_loader - INFO - Loading data from data/raw/movies_data.csv
2025-05-08 17:09:00,292 - src.data.data_loader - INFO - Successfully loaded data with shape (100, 11)
2025-05-08 17:09:00,293 - __main__ - INFO - Preprocessing data
2025-05-08 17:09:00,293 - src.data.preprocessor - INFO - Starting data preprocessing
2025-05-08 17:09:00,297 - src.data.preprocessor - INFO - Identified feature types: 6 numerical, 4 categorical, 2 date, 0 text
2025-05-08 17:09:00,297 - src.data.preprocessor - INFO - Handling missing values
2025-05-08 17:09:00,298 - src.data.preprocessor - INFO - Transforming features
2025-05-08 17:09:00,298 - src.data.preprocessor - INFO - Extracting date components from release_date
2025-05-08 17:09:00,307 - src.data.preprocessor - INFO - Extracting date components from runtime
2025-05-08 17:09:00,312 - src.data.preprocessor - INFO - Label encoding title
2025-05-08 17:09:00,314 - src.data.preprocessor - INFO - Label encoding genres
2025-05-08 17:09:00,316 - src.data.preprocessor - INFO - One-hot encoding original_language
2025-05-08 17:09:00,320 - src.data.preprocessor - INFO - Handling outliers
2025-05-08 17:09:00,333 - src.data.preprocessor - INFO - Data split into train (80 samples) and test (20 samples) sets
2025-05-08 17:09:00,333 - src.data.preprocessor - INFO - Saving processed data
2025-05-08 17:09:00,342 - src.data.preprocessor - INFO - Processed data saved successfully
2025-05-08 17:09:00,342 - __main__ - INFO - Performing feature engineering
2025-05-08 17:09:00,343 - src.features.feature_engineering - INFO - Applying feature engineering transformations
2025-05-08 17:09:00,344 - src.features.feature_engineering - INFO - Creating domain-specific features
2025-05-08 17:09:00,344 - src.features.feature_engineering - INFO - Creating budget-related features
2025-05-08 17:09:00,345 - src.features.feature_engineering - INFO - Creating popularity-related features
2025-05-08 17:09:00,347 - src.features.feature_engineering - INFO - Creating vote-related features
2025-05-08 17:09:00,349 - src.features.feature_engineering - INFO - Creating release date-related features
2025-05-08 17:09:00,351 - src.features.feature_engineering - INFO - Creating genre-related features
2025-05-08 17:09:00,351 - src.features.feature_engineering - INFO - Adding interaction features
2025-05-08 17:09:00,352 - src.features.feature_engineering - INFO - Fitting polynomial features transformer
2025-05-08 17:09:00,358 - src.features.feature_engineering - INFO - Applying feature engineering transformations
2025-05-08 17:09:00,358 - src.features.feature_engineering - INFO - Creating domain-specific features
2025-05-08 17:09:00,359 - src.features.feature_engineering - INFO - Creating budget-related features
2025-05-08 17:09:00,360 - src.features.feature_engineering - INFO - Creating popularity-related features
2025-05-08 17:09:00,361 - src.features.feature_engineering - INFO - Creating vote-related features
2025-05-08 17:09:00,363 - src.features.feature_engineering - INFO - Creating release date-related features
2025-05-08 17:09:00,365 - src.features.feature_engineering - INFO - Creating genre-related features
2025-05-08 17:09:00,366 - src.features.feature_engineering - INFO - Adding interaction features
2025-05-08 17:09:00,366 - src.features.feature_engineering - INFO - Fitting polynomial features transformer
2025-05-08 17:09:00,372 - __main__ - INFO - Training ensemble model
2025-05-08 17:09:00,372 - src.models.model_trainer - INFO - Training ensemble model
2025-05-08 17:09:00,373 - src.models.model_trainer - INFO - Training ensemble model
2025-05-08 17:09:01,757 - src.models.model_trainer - INFO - Ensemble model trained successfully
2025-05-08 17:09:01,757 - src.models.model_trainer - INFO - Saving model
2025-05-08 17:09:01,765 - src.models.model_trainer - INFO - Model saved to models/ensemble_model.joblib
2025-05-08 17:09:01,766 - __main__ - INFO - Evaluating model
2025-05-08 17:09:01,766 - src.models.model_evaluator - INFO - Evaluating model
2025-05-08 17:09:01,783 - src.models.model_evaluator - INFO - Model evaluation metrics:
2025-05-08 17:09:01,784 - src.models.model_evaluator - INFO - MSE: 236539744.0000
2025-05-08 17:09:01,784 - src.models.model_evaluator - INFO - RMSE: 15379.8486
2025-05-08 17:09:01,785 - src.models.model_evaluator - INFO - MAE: 4380.0498
2025-05-08 17:09:01,785 - src.models.model_evaluator - INFO - R2: 1.0000
2025-05-08 17:09:01,786 - src.models.model_evaluator - INFO - MAPE: 0.0062
2025-05-08 17:09:01,786 - src.models.model_evaluator - INFO - Saving evaluation metrics
2025-05-08 17:09:01,790 - src.models.model_evaluator - INFO - Evaluation metrics saved to reports/evaluation_metrics.csv
2025-05-08 17:09:01,791 - src.models.model_evaluator - INFO - Getting feature importance
2025-05-08 17:09:01,795 - src.models.model_evaluator - INFO - Saving feature importance
2025-05-08 17:09:01,798 - src.models.model_evaluator - INFO - Feature importance saved to reports/feature_importance.csv
2025-05-08 17:09:02,851 - src.models.model_evaluator - INFO - Feature importance plot saved to reports/figures/feature_importance.png
2025-05-08 17:09:02,851 - __main__ - INFO - Generating visualizations
2025-05-08 17:09:02,852 - src.visualization.visualize - INFO - Plotting predicted vs. actual values
2025-05-08 17:09:06,046 - src.visualization.visualize - INFO - Predictions plot saved to reports/figures/predictions.png and predictions_interactive.html
2025-05-08 17:09:06,047 - src.visualization.visualize - INFO - Plotting top 20 feature importance
2025-05-08 17:09:06,377 - src.visualization.visualize - INFO - Feature importance plot saved to reports/figures/feature_importance.png and feature_importance_interactive.html
2025-05-08 17:09:06,378 - src.visualization.visualize - INFO - Plotting error distribution
2025-05-08 17:09:07,442 - src.visualization.visualize - INFO - Error distribution plot saved to reports/figures/error_distribution.png and error_distribution_interactive.html
2025-05-08 17:09:07,443 - __main__ - INFO - Pipeline completed successfully
