2025-05-09 02:13:57,620 - __main__ - INFO - Directory logs created or already exists.
2025-05-09 02:13:57,621 - __main__ - INFO - Directory data/raw created or already exists.
2025-05-09 02:13:57,621 - __main__ - INFO - Directory data/processed created or already exists.
2025-05-09 02:13:57,621 - __main__ - INFO - Directory models created or already exists.
2025-05-09 02:13:57,622 - __main__ - INFO - Directory reports created or already exists.
2025-05-09 02:13:57,622 - __main__ - INFO - Directory reports/figures created or already exists.
2025-05-09 02:13:57,623 - __main__ - INFO - Starting Box Office Revenue Prediction pipeline
2025-05-09 02:13:57,624 - __main__ - INFO - Loading data
2025-05-09 02:13:57,624 - src.data.data_loader - INFO - Loading data from data/raw/movies_data.csv
2025-05-09 02:13:57,632 - src.data.data_loader - INFO - Successfully loaded data with shape (100, 11)
2025-05-09 02:13:57,632 - __main__ - INFO - Preprocessing data
2025-05-09 02:13:57,633 - src.data.preprocessor - INFO - Starting data preprocessing
2025-05-09 02:13:57,641 - src.data.preprocessor - INFO - Identified feature types: 6 numerical, 4 categorical, 2 date, 0 text
2025-05-09 02:13:57,642 - src.data.preprocessor - INFO - Handling missing values
2025-05-09 02:13:57,644 - src.data.preprocessor - INFO - Transforming features
2025-05-09 02:13:57,644 - src.data.preprocessor - INFO - Extracting date components from release_date
2025-05-09 02:13:57,663 - src.data.preprocessor - INFO - Extracting date components from runtime
2025-05-09 02:13:57,672 - src.data.preprocessor - INFO - Label encoding title
2025-05-09 02:13:57,674 - src.data.preprocessor - INFO - Label encoding genres
2025-05-09 02:13:57,676 - src.data.preprocessor - INFO - One-hot encoding original_language
2025-05-09 02:13:57,682 - src.data.preprocessor - INFO - Handling outliers
2025-05-09 02:13:57,697 - src.data.preprocessor - INFO - Data split into train (80 samples) and test (20 samples) sets
2025-05-09 02:13:57,698 - src.data.preprocessor - INFO - Saving processed data
2025-05-09 02:13:57,708 - src.data.preprocessor - INFO - Processed data saved successfully
2025-05-09 02:13:57,708 - __main__ - INFO - Performing feature engineering
2025-05-09 02:13:57,709 - src.features.feature_engineering - INFO - Applying feature engineering transformations
2025-05-09 02:13:57,709 - src.features.feature_engineering - INFO - Creating domain-specific features
2025-05-09 02:13:57,709 - src.features.feature_engineering - INFO - Creating budget-related features
2025-05-09 02:13:57,710 - src.features.feature_engineering - INFO - Creating popularity-related features
2025-05-09 02:13:57,712 - src.features.feature_engineering - INFO - Creating vote-related features
2025-05-09 02:13:57,714 - src.features.feature_engineering - INFO - Creating release date-related features
2025-05-09 02:13:57,718 - src.features.feature_engineering - INFO - Creating genre-related features
2025-05-09 02:13:57,719 - src.features.feature_engineering - INFO - Adding interaction features
2025-05-09 02:13:57,720 - src.features.feature_engineering - INFO - Fitting polynomial features transformer
2025-05-09 02:13:57,728 - src.features.feature_engineering - INFO - Applying feature engineering transformations
2025-05-09 02:13:57,729 - src.features.feature_engineering - INFO - Creating domain-specific features
2025-05-09 02:13:57,729 - src.features.feature_engineering - INFO - Creating budget-related features
2025-05-09 02:13:57,730 - src.features.feature_engineering - INFO - Creating popularity-related features
2025-05-09 02:13:57,731 - src.features.feature_engineering - INFO - Creating vote-related features
2025-05-09 02:13:57,733 - src.features.feature_engineering - INFO - Creating release date-related features
2025-05-09 02:13:57,735 - src.features.feature_engineering - INFO - Creating genre-related features
2025-05-09 02:13:57,735 - src.features.feature_engineering - INFO - Adding interaction features
2025-05-09 02:13:57,736 - src.features.feature_engineering - INFO - Fitting polynomial features transformer
2025-05-09 02:13:57,741 - __main__ - INFO - Training ensemble model
2025-05-09 02:13:57,741 - src.models.model_trainer - INFO - Training ensemble model
2025-05-09 02:13:57,741 - src.models.model_trainer - INFO - Training ensemble model
2025-05-09 02:13:59,017 - src.models.model_trainer - INFO - Ensemble model trained successfully
2025-05-09 02:13:59,017 - src.models.model_trainer - INFO - Saving model
2025-05-09 02:13:59,024 - src.models.model_trainer - INFO - Model saved to models/ensemble_model.joblib
2025-05-09 02:13:59,024 - __main__ - INFO - Evaluating model
2025-05-09 02:13:59,025 - src.models.model_evaluator - INFO - Evaluating model
2025-05-09 02:13:59,042 - src.models.model_evaluator - INFO - Model evaluation metrics:
2025-05-09 02:13:59,043 - src.models.model_evaluator - INFO - MSE: 236539744.0000
2025-05-09 02:13:59,043 - src.models.model_evaluator - INFO - RMSE: 15379.8486
2025-05-09 02:13:59,043 - src.models.model_evaluator - INFO - MAE: 4380.0498
2025-05-09 02:13:59,044 - src.models.model_evaluator - INFO - R2: 1.0000
2025-05-09 02:13:59,044 - src.models.model_evaluator - INFO - MAPE: 0.0062
2025-05-09 02:13:59,045 - src.models.model_evaluator - INFO - Saving evaluation metrics
2025-05-09 02:13:59,048 - src.models.model_evaluator - INFO - Evaluation metrics saved to reports/evaluation_metrics.csv
2025-05-09 02:13:59,049 - src.models.model_evaluator - INFO - Getting feature importance
2025-05-09 02:13:59,054 - src.models.model_evaluator - INFO - Saving feature importance
2025-05-09 02:13:59,057 - src.models.model_evaluator - INFO - Feature importance saved to reports/feature_importance.csv
2025-05-09 02:14:00,216 - src.models.model_evaluator - INFO - Feature importance plot saved to reports/figures/feature_importance.png
2025-05-09 02:14:00,217 - __main__ - INFO - Generating visualizations
2025-05-09 02:14:00,217 - src.visualization.visualize - INFO - Plotting predicted vs. actual values
2025-05-09 02:14:04,697 - src.visualization.visualize - INFO - Predictions plot saved to reports/figures/predictions.png and predictions_interactive.html
2025-05-09 02:14:04,698 - src.visualization.visualize - INFO - Plotting top 20 feature importance
2025-05-09 02:14:05,050 - src.visualization.visualize - INFO - Feature importance plot saved to reports/figures/feature_importance.png and feature_importance_interactive.html
2025-05-09 02:14:05,051 - src.visualization.visualize - INFO - Plotting error distribution
2025-05-09 02:14:06,197 - src.visualization.visualize - INFO - Error distribution plot saved to reports/figures/error_distribution.png and error_distribution_interactive.html
2025-05-09 02:14:06,198 - __main__ - INFO - Pipeline completed successfully
