2025-05-14 19:41:46,593 - __main__ - INFO - Directory logs created or already exists.
2025-05-14 19:41:46,594 - __main__ - INFO - Directory data/raw created or already exists.
2025-05-14 19:41:46,594 - __main__ - INFO - Directory data/processed created or already exists.
2025-05-14 19:41:46,595 - __main__ - INFO - Directory models created or already exists.
2025-05-14 19:41:46,595 - __main__ - INFO - Directory reports created or already exists.
2025-05-14 19:41:46,595 - __main__ - INFO - Directory reports/figures created or already exists.
2025-05-14 19:41:46,598 - __main__ - INFO - Starting Box Office Revenue Prediction pipeline
2025-05-14 19:41:46,598 - __main__ - INFO - Loading data
2025-05-14 19:41:46,598 - src.data.data_loader - INFO - Loading data from data/raw/movies_data.csv
2025-05-14 19:41:46,613 - src.data.data_loader - INFO - Successfully loaded data with shape (100, 11)
2025-05-14 19:41:46,613 - __main__ - INFO - Preprocessing data
2025-05-14 19:41:46,614 - src.data.preprocessor - INFO - Starting data preprocessing
2025-05-14 19:41:46,620 - src.data.preprocessor - INFO - Identified feature types: 6 numerical, 4 categorical, 2 date, 0 text
2025-05-14 19:41:46,620 - src.data.preprocessor - INFO - Handling missing values
2025-05-14 19:41:46,623 - src.data.preprocessor - INFO - Transforming features
2025-05-14 19:41:46,623 - src.data.preprocessor - INFO - Extracting date components from release_date
2025-05-14 19:41:46,635 - src.data.preprocessor - INFO - Extracting date components from runtime
2025-05-14 19:41:46,642 - src.data.preprocessor - INFO - Label encoding title
2025-05-14 19:41:46,644 - src.data.preprocessor - INFO - Label encoding genres
2025-05-14 19:41:46,647 - src.data.preprocessor - INFO - One-hot encoding original_language
2025-05-14 19:41:46,651 - src.data.preprocessor - INFO - Handling outliers
2025-05-14 19:41:46,670 - src.data.preprocessor - INFO - Data split into train (80 samples) and test (20 samples) sets
2025-05-14 19:41:46,671 - src.data.preprocessor - INFO - Saving processed data
2025-05-14 19:41:46,685 - src.data.preprocessor - INFO - Processed data saved successfully
2025-05-14 19:41:46,685 - __main__ - INFO - Performing feature engineering
2025-05-14 19:41:46,686 - src.features.feature_engineering - INFO - Applying feature engineering transformations
2025-05-14 19:41:46,687 - src.features.feature_engineering - INFO - Creating domain-specific features
2025-05-14 19:41:46,688 - src.features.feature_engineering - INFO - Creating budget-related features
2025-05-14 19:41:46,689 - src.features.feature_engineering - INFO - Creating popularity-related features
2025-05-14 19:41:46,692 - src.features.feature_engineering - INFO - Creating vote-related features
2025-05-14 19:41:46,695 - src.features.feature_engineering - INFO - Creating release date-related features
2025-05-14 19:41:46,700 - src.features.feature_engineering - INFO - Creating genre-related features
2025-05-14 19:41:46,700 - src.features.feature_engineering - INFO - Adding interaction features
2025-05-14 19:41:46,702 - src.features.feature_engineering - INFO - Fitting polynomial features transformer
2025-05-14 19:41:46,712 - src.features.feature_engineering - INFO - Applying feature engineering transformations
2025-05-14 19:41:46,713 - src.features.feature_engineering - INFO - Creating domain-specific features
2025-05-14 19:41:46,713 - src.features.feature_engineering - INFO - Creating budget-related features
2025-05-14 19:41:46,715 - src.features.feature_engineering - INFO - Creating popularity-related features
2025-05-14 19:41:46,719 - src.features.feature_engineering - INFO - Creating vote-related features
2025-05-14 19:41:46,722 - src.features.feature_engineering - INFO - Creating release date-related features
2025-05-14 19:41:46,725 - src.features.feature_engineering - INFO - Creating genre-related features
2025-05-14 19:41:46,726 - src.features.feature_engineering - INFO - Adding interaction features
2025-05-14 19:41:46,726 - src.features.feature_engineering - INFO - Fitting polynomial features transformer
2025-05-14 19:41:46,732 - __main__ - INFO - Training ensemble model
2025-05-14 19:41:46,732 - src.models.model_trainer - INFO - Training ensemble model
2025-05-14 19:41:46,733 - src.models.model_trainer - INFO - Training ensemble model
2025-05-14 19:41:47,968 - src.models.model_trainer - INFO - Ensemble model trained successfully
2025-05-14 19:41:47,969 - src.models.model_trainer - INFO - Saving model
2025-05-14 19:41:47,976 - src.models.model_trainer - INFO - Model saved to models/ensemble_model.joblib
2025-05-14 19:41:47,977 - __main__ - INFO - Evaluating model
2025-05-14 19:41:47,977 - src.models.model_evaluator - INFO - Evaluating model
2025-05-14 19:41:47,996 - src.models.model_evaluator - INFO - Model evaluation metrics:
2025-05-14 19:41:47,997 - src.models.model_evaluator - INFO - MSE: 236539744.0000
2025-05-14 19:41:47,997 - src.models.model_evaluator - INFO - RMSE: 15379.8486
2025-05-14 19:41:47,998 - src.models.model_evaluator - INFO - MAE: 4380.0498
2025-05-14 19:41:47,998 - src.models.model_evaluator - INFO - R2: 1.0000
2025-05-14 19:41:47,998 - src.models.model_evaluator - INFO - MAPE: 0.0062
2025-05-14 19:41:47,999 - src.models.model_evaluator - INFO - Saving evaluation metrics
2025-05-14 19:41:48,003 - src.models.model_evaluator - INFO - Evaluation metrics saved to reports/evaluation_metrics.csv
2025-05-14 19:41:48,004 - src.models.model_evaluator - INFO - Getting feature importance
2025-05-14 19:41:48,007 - src.models.model_evaluator - INFO - Saving feature importance
2025-05-14 19:41:48,010 - src.models.model_evaluator - INFO - Feature importance saved to reports/feature_importance.csv
2025-05-14 19:41:48,689 - src.models.model_evaluator - INFO - Feature importance plot saved to reports/figures/feature_importance.png
2025-05-14 19:41:48,690 - __main__ - INFO - Generating visualizations
2025-05-14 19:41:48,690 - src.visualization.visualize - INFO - Plotting predicted vs. actual values
2025-05-14 19:41:50,125 - src.visualization.visualize - INFO - Predictions plot saved to reports/figures/predictions.png and predictions_interactive.html
2025-05-14 19:41:50,125 - src.visualization.visualize - INFO - Plotting top 20 feature importance
2025-05-14 19:41:50,636 - src.visualization.visualize - INFO - Feature importance plot saved to reports/figures/feature_importance.png and feature_importance_interactive.html
2025-05-14 19:41:50,636 - src.visualization.visualize - INFO - Plotting error distribution
2025-05-14 19:41:51,967 - src.visualization.visualize - INFO - Error distribution plot saved to reports/figures/error_distribution.png and error_distribution_interactive.html
2025-05-14 19:41:51,968 - __main__ - INFO - Pipeline completed successfully
